Command #1: 2                                                               
Anti Symmetrization Method: 2
==== Start Reading Input ====
Title: He              
Number of Types: 1
Type, Count, Z:     1    1    2
Nuclei Positions:
X, Y, Z:   0.000000  0.000000  0.000000
Numbber of Electrons: 2
Initial Position of Electrons:
X, Y, Z:   1.000000  0.020000  0.000000
X, Y, Z:  -0.500000  0.030000  0.000000
Final Position of Electrons:
X, Y, Z:   1.010000  1.010000  0.010000
Number of Grid Points: 100
x_min, x_max:  -5.000000  5.000000
y_min, y_max:  -5.000000  5.000000
Tau:   1.000000
==== Finished Reading Input ====
==== Start Loading Potential ====
Loading Potential From: u_e_tau=1_ngrid=200
Interpolation Succeeded!
Loading Potential From: u_2_tau=1_ngrid=200
Interpolation Succeeded!
==== Finished Loading Potential ====
Evaluate Projector...
Results Saved To: He_1_M2.proj
Command #1: 2                                                               
Anti Symmetrization Method: 2
Command #2: -o                                                              
Command #3: output_he_1.txt                                                 
==== Start Reading Input ====
Title: He              
Number of Types: 1
Type, Count, Z:     1    1    2
Nuclei Positions:
X, Y, Z:   0.000000  0.000000  0.000000
Numbber of Electrons: 2
Initial Position of Electrons:
X, Y, Z:   1.000000  0.020000  0.000000
X, Y, Z:  -0.500000  0.030000  0.000000
Final Position of Electrons:
X, Y, Z:   1.010000  1.010000  0.010000
Number of Grid Points: 100
x_min, x_max:  -5.000000  5.000000
y_min, y_max:  -5.000000  5.000000
Tau:   1.000000
==== Finished Reading Input ====
==== Start Loading Potential ====
Loading Potential From: u_e_tau=1_ngrid=200
Interpolation Succeeded!
Loading Potential From: u_2_tau=1_ngrid=200
Interpolation Succeeded!
==== Finished Loading Potential ====
Evaluate Projector...
Results Saved To: He_1_M2.proj
Command #1: 1                                                               
Anti Symmetrization Method: 1
==== Start Reading Input ====
Title: He              
Number of Types: 1
Type, Count, Z:     1    1    2
Nuclei Positions:
X, Y, Z:   0.000000  0.000000  0.000000
Numbber of Electrons: 2
Initial Position of Electrons:
X, Y, Z:   1.000000  0.020000  0.000000
X, Y, Z:  -0.500000  0.030000  0.000000
Final Position of Electrons:
X, Y, Z:   1.010000  1.010000  0.010000
Number of Grid Points: 500
x_min, x_max:  -1.000000  1.000000
y_min, y_max:  -1.000000  1.000000
Tau:   0.010000
==== Finished Reading Input ====
==== Start Loading Potential ====
Loading Potential From: u_e_tau=.01_ngrid=200
Interpolation Succeeded!
Loading Potential From: u_2_tau=.01_ngrid=200
Interpolation Succeeded!
==== Finished Loading Potential ====
Evaluate Projector...
Results Saved To: He_.01_M1.proj
Command #1: 2                                                               
Anti Symmetrization Method: 2
==== Start Reading Input ====
Title: He              
Number of Types: 1
Type, Count, Z:     1    1    2
Nuclei Positions:
X, Y, Z:   0.000000  0.000000  0.000000
Numbber of Electrons: 2
Initial Position of Electrons:
X, Y, Z:   1.000000  0.020000  0.000000
X, Y, Z:  -0.500000  0.030000  0.000000
Final Position of Electrons:
X, Y, Z:   1.010000  1.010000  0.010000
Number of Grid Points: 500
x_min, x_max:  -1.000000  1.000000
y_min, y_max:  -1.000000  1.000000
Tau:   0.010000
==== Finished Reading Input ====
==== Start Loading Potential ====
Loading Potential From: u_e_tau=.01_ngrid=200
Interpolation Succeeded!
Loading Potential From: u_2_tau=.01_ngrid=200
Interpolation Succeeded!
==== Finished Loading Potential ====
Evaluate Projector...
Results Saved To: He_.01_M2.proj
Command #1: 3                                                               
Anti Symmetrization Method: 3
==== Start Reading Input ====
Title: He              
Number of Types: 1
Type, Count, Z:     1    1    2
Nuclei Positions:
X, Y, Z:   0.000000  0.000000  0.000000
Numbber of Electrons: 2
Initial Position of Electrons:
X, Y, Z:   1.000000  0.020000  0.000000
X, Y, Z:  -0.500000  0.030000  0.000000
Final Position of Electrons:
X, Y, Z:   1.010000  1.010000  0.010000
Number of Grid Points: 500
x_min, x_max:  -1.000000  1.000000
y_min, y_max:  -1.000000  1.000000
Tau:   0.010000
==== Finished Reading Input ====
==== Start Loading Potential ====
Loading Potential From: u_e_tau=.01_ngrid=200
Interpolation Succeeded!
Loading Potential From: u_2_tau=.01_ngrid=200
Interpolation Succeeded!
==== Finished Loading Potential ====
Evaluate Projector...
Results Saved To: He_.01_M3.proj
Command #1: 1                                                               
Anti Symmetrization Method: 1
==== Start Reading Input ====
Title: He              
Number of Types: 1
Type, Count, Z:     1    1    2
Nuclei Positions:
X, Y, Z:   0.000000  0.000000  0.000000
Numbber of Electrons: 2
Initial Position of Electrons:
X, Y, Z:   1.000000  0.020000  0.000000
X, Y, Z:  -0.500000  0.030000  0.000000
Final Position of Electrons:
X, Y, Z:   1.010000  1.010000  0.010000
Number of Grid Points: 100
x_min, x_max:  -5.000000  5.000000
y_min, y_max:  -5.000000  5.000000
Tau:   1.000000
==== Finished Reading Input ====
==== Start Loading Potential ====
Loading Potential From: u_e_tau=1_ngrid=200
Interpolation Succeeded!
Loading Potential From: u_2_tau=1_ngrid=200
Interpolation Succeeded!
==== Finished Loading Potential ====
Evaluate Projector...
Results Saved To: He_1_M1.proj
Command #1: 2                                                               
Anti Symmetrization Method: 2
==== Start Reading Input ====
Title: He              
Number of Types: 1
Type, Count, Z:     1    1    2
Nuclei Positions:
X, Y, Z:   0.000000  0.000000  0.000000
Numbber of Electrons: 2
Initial Position of Electrons:
X, Y, Z:   1.000000  0.020000  0.000000
X, Y, Z:  -0.500000  0.030000  0.000000
Final Position of Electrons:
X, Y, Z:   1.010000  1.010000  0.010000
Number of Grid Points: 100
x_min, x_max:  -5.000000  5.000000
y_min, y_max:  -5.000000  5.000000
Tau:   1.000000
==== Finished Reading Input ====
==== Start Loading Potential ====
Loading Potential From: u_e_tau=1_ngrid=200
Interpolation Succeeded!
Loading Potential From: u_2_tau=1_ngrid=200
Interpolation Succeeded!
==== Finished Loading Potential ====
Evaluate Projector...
Results Saved To: He_1_M2.proj
Command #1: 3                                                               
Anti Symmetrization Method: 3
==== Start Reading Input ====
Title: He              
Number of Types: 1
Type, Count, Z:     1    1    2
Nuclei Positions:
X, Y, Z:   0.000000  0.000000  0.000000
Numbber of Electrons: 2
Initial Position of Electrons:
X, Y, Z:   1.000000  0.020000  0.000000
X, Y, Z:  -0.500000  0.030000  0.000000
Final Position of Electrons:
X, Y, Z:   1.010000  1.010000  0.010000
Number of Grid Points: 100
x_min, x_max:  -5.000000  5.000000
y_min, y_max:  -5.000000  5.000000
Tau:   1.000000
==== Finished Reading Input ====
==== Start Loading Potential ====
Loading Potential From: u_e_tau=1_ngrid=200
Interpolation Succeeded!
Loading Potential From: u_2_tau=1_ngrid=200
Interpolation Succeeded!
==== Finished Loading Potential ====
Evaluate Projector...
Results Saved To: He_1_M3.proj
Command #1: 1                                                               
Anti Symmetrization Method: 1
==== Start Reading Input ====
Title: He              
Number of Types: 1
Type, Count, Z:     1    1    2
Nuclei Positions:
X, Y, Z:   0.000000  0.000000  0.000000
Numbber of Electrons: 2
Initial Position of Electrons:
X, Y, Z:   1.000000  0.020000  0.000000
X, Y, Z:  -0.500000  0.030000  0.000000
Final Position of Electrons:
X, Y, Z:   1.010000  1.010000  0.010000
Number of Grid Points: 100
x_min, x_max:  -5.000000  5.000000
y_min, y_max:  -5.000000  5.000000
Tau: 100.000000
==== Finished Reading Input ====
==== Start Loading Potential ====
Loading Potential From: u_e_tau=100_ngrid=200
Interpolation Succeeded!
Loading Potential From: u_2_tau=100_ngrid=400
Interpolation Succeeded!
==== Finished Loading Potential ====
Evaluate Projector...
Results Saved To: He_100_M1.proj
Command #1: 2                                                               
Anti Symmetrization Method: 2
==== Start Reading Input ====
Title: He              
Number of Types: 1
Type, Count, Z:     1    1    2
Nuclei Positions:
X, Y, Z:   0.000000  0.000000  0.000000
Numbber of Electrons: 2
Initial Position of Electrons:
X, Y, Z:   1.000000  0.020000  0.000000
X, Y, Z:  -0.500000  0.030000  0.000000
Final Position of Electrons:
X, Y, Z:   1.010000  1.010000  0.010000
Number of Grid Points: 100
x_min, x_max:  -5.000000  5.000000
y_min, y_max:  -5.000000  5.000000
Tau: 100.000000
==== Finished Reading Input ====
==== Start Loading Potential ====
Loading Potential From: u_e_tau=100_ngrid=200
Interpolation Succeeded!
Loading Potential From: u_2_tau=100_ngrid=400
Interpolation Succeeded!
==== Finished Loading Potential ====
Evaluate Projector...
Results Saved To: He_100_M2.proj
Command #1: 3                                                               
Anti Symmetrization Method: 3
==== Start Reading Input ====
Title: He              
Number of Types: 1
Type, Count, Z:     1    1    2
Nuclei Positions:
X, Y, Z:   0.000000  0.000000  0.000000
Numbber of Electrons: 2
Initial Position of Electrons:
X, Y, Z:   1.000000  0.020000  0.000000
X, Y, Z:  -0.500000  0.030000  0.000000
Final Position of Electrons:
X, Y, Z:   1.010000  1.010000  0.010000
Number of Grid Points: 100
x_min, x_max:  -5.000000  5.000000
y_min, y_max:  -5.000000  5.000000
Tau: 100.000000
==== Finished Reading Input ====
==== Start Loading Potential ====
Loading Potential From: u_e_tau=100_ngrid=200
Interpolation Succeeded!
Loading Potential From: u_2_tau=100_ngrid=400
Interpolation Succeeded!
==== Finished Loading Potential ====
Evaluate Projector...
Results Saved To: He_100_M3.proj
Command #1: 2                                                               
Anti Symmetrization Method: 2
==== Start Reading Input ====
Title: He              
Number of Types: 1
Type, Count, Z:     1    1    2
Nuclei Positions:
X, Y, Z:   0.000000  0.000000  0.000000
Numbber of Electrons: 2
Initial Position of Electrons:
X, Y, Z:   1.000000  0.020000  0.000000
X, Y, Z:  -0.500000  0.030000  0.000000
Final Position of Electrons:
X, Y, Z:   1.010000  1.010000  0.010000
Number of Grid Points: 100
x_min, x_max:  -5.000000  5.000000
y_min, y_max:  -5.000000  5.000000
Tau:   1.000000
==== Finished Reading Input ====
==== Start Loading Potential ====
Loading Potential From: u_e_tau=1_ngrid=200
Interpolation Succeeded!
Loading Potential From: u_2_tau=1_ngrid=200
Interpolation Succeeded!
==== Finished Loading Potential ====
Evaluate Projector...
Results Saved To: He_1_M2.proj
Command #1: 1                                                               
Anti Symmetrization Method: 1
==== Start Reading Input ====
Title: He              
Number of Types: 1
Type, Count, Z:     1    1    2
Nuclei Positions:
X, Y, Z:   0.000000  0.000000  0.000000
Numbber of Electrons: 2
Initial Position of Electrons:
X, Y, Z:   1.000000  0.020000  0.000000
X, Y, Z:  -0.500000  0.030000  0.000000
Final Position of Electrons:
X, Y, Z:   1.010000  1.010000  0.010000
Number of Grid Points: 100
x_min, x_max:  -5.000000  5.000000
y_min, y_max:  -5.000000  5.000000
Tau:   1.000000
==== Finished Reading Input ====
==== Start Loading Potential ====
Loading Potential From: u_e_tau=1_ngrid=200
Interpolation Succeeded!
Loading Potential From: u_2_tau=1_ngrid=200
Interpolation Succeeded!
==== Finished Loading Potential ====
Evaluate Projector...
Results Saved To: He_1_M1.proj
Command #1: 3                                                               
Anti Symmetrization Method: 3
==== Start Reading Input ====
Title: He              
Number of Types: 1
Type, Count, Z:     1    1    2
Nuclei Positions:
X, Y, Z:   0.000000  0.000000  0.000000
Numbber of Electrons: 2
Initial Position of Electrons:
X, Y, Z:   1.000000  0.020000  0.000000
X, Y, Z:  -0.500000  0.030000  0.000000
Final Position of Electrons:
X, Y, Z:   1.010000  1.010000  0.010000
Number of Grid Points: 100
x_min, x_max:  -5.000000  5.000000
y_min, y_max:  -5.000000  5.000000
Tau:   1.000000
==== Finished Reading Input ====
==== Start Loading Potential ====
Loading Potential From: u_e_tau=1_ngrid=200
Interpolation Succeeded!
Loading Potential From: u_2_tau=1_ngrid=200
Interpolation Succeeded!
==== Finished Loading Potential ====
Evaluate Projector...
Results Saved To: He_1_M3.proj
Command #1: 1                                                               
Anti Symmetrization Method: 1
==== Start Reading Input ====
Title: He              
Number of Types: 1
Type, Count, Z:     1    1    2
Nuclei Positions:
X, Y, Z:   0.000000  0.000000  0.000000
Numbber of Electrons: 2
Initial Position of Electrons:
X, Y, Z:   1.000000  0.020000  0.000000
X, Y, Z:  -0.500000  0.030000  0.000000
Final Position of Electrons:
X, Y, Z:   1.010000  1.010000  0.010000
Number of Grid Points: 100
x_min, x_max:  -5.000000  5.000000
y_min, y_max:  -5.000000  5.000000
Tau: 100.000000
==== Finished Reading Input ====
==== Start Loading Potential ====
Loading Potential From: u_e_tau=100_ngrid=200
Interpolation Succeeded!
Loading Potential From: u_2_tau=100_ngrid=400
Interpolation Succeeded!
==== Finished Loading Potential ====
Evaluate Projector...
Results Saved To: He_100_M1.proj
Command #1: 2                                                               
Anti Symmetrization Method: 2
==== Start Reading Input ====
Title: He              
Number of Types: 1
Type, Count, Z:     1    1    2
Nuclei Positions:
X, Y, Z:   0.000000  0.000000  0.000000
Numbber of Electrons: 2
Initial Position of Electrons:
X, Y, Z:   1.000000  0.020000  0.000000
X, Y, Z:  -0.500000  0.030000  0.000000
Final Position of Electrons:
X, Y, Z:   1.010000  1.010000  0.010000
Number of Grid Points: 100
x_min, x_max:  -5.000000  5.000000
y_min, y_max:  -5.000000  5.000000
Tau: 100.000000
==== Finished Reading Input ====
==== Start Loading Potential ====
Loading Potential From: u_e_tau=100_ngrid=200
Interpolation Succeeded!
Loading Potential From: u_2_tau=100_ngrid=400
Interpolation Succeeded!
==== Finished Loading Potential ====
Evaluate Projector...
Results Saved To: He_100_M2.proj
Command #1: 3                                                               
Anti Symmetrization Method: 3
==== Start Reading Input ====
Title: He              
Number of Types: 1
Type, Count, Z:     1    1    2
Nuclei Positions:
X, Y, Z:   0.000000  0.000000  0.000000
Numbber of Electrons: 2
Initial Position of Electrons:
X, Y, Z:   1.000000  0.020000  0.000000
X, Y, Z:  -0.500000  0.030000  0.000000
Final Position of Electrons:
X, Y, Z:   1.010000  1.010000  0.010000
Number of Grid Points: 100
x_min, x_max:  -5.000000  5.000000
y_min, y_max:  -5.000000  5.000000
Tau: 100.000000
==== Finished Reading Input ====
==== Start Loading Potential ====
Loading Potential From: u_e_tau=100_ngrid=200
Interpolation Succeeded!
Loading Potential From: u_2_tau=100_ngrid=400
Interpolation Succeeded!
==== Finished Loading Potential ====
Evaluate Projector...
Results Saved To: He_100_M3.proj
Command #1: 1                                                               
Anti Symmetrization Method: 1
==== Start Reading Input ====
Title: He              
Number of Types: 1
Type, Count, Z:     1    1    2
Nuclei Positions:
X, Y, Z:   0.000000  0.000000  0.000000
Numbber of Electrons: 2
Initial Position of Electrons:
X, Y, Z:   1.000000  0.020000  0.000000
X, Y, Z:  -0.500000  0.030000  0.000000
Final Position of Electrons:
X, Y, Z:   1.010000  1.010000  0.010000
Number of Grid Points: 500
x_min, x_max:  -1.000000  1.000000
y_min, y_max:  -1.000000  1.000000
Tau:   0.010000
==== Finished Reading Input ====
==== Start Loading Potential ====
Loading Potential From: u_e_tau=.01_ngrid=200
Interpolation Succeeded!
Loading Potential From: u_2_tau=.01_ngrid=200
Interpolation Succeeded!
==== Finished Loading Potential ====
Evaluate Projector...
Results Saved To: He_.01_M1.proj
Command #1: 2                                                               
Anti Symmetrization Method: 2
==== Start Reading Input ====
Title: He              
Number of Types: 1
Type, Count, Z:     1    1    2
Nuclei Positions:
X, Y, Z:   0.000000  0.000000  0.000000
Numbber of Electrons: 2
Initial Position of Electrons:
X, Y, Z:   1.000000  0.020000  0.000000
X, Y, Z:  -0.500000  0.030000  0.000000
Final Position of Electrons:
X, Y, Z:   1.010000  1.010000  0.010000
Number of Grid Points: 500
x_min, x_max:  -1.000000  1.000000
y_min, y_max:  -1.000000  1.000000
Tau:   0.010000
==== Finished Reading Input ====
==== Start Loading Potential ====
Loading Potential From: u_e_tau=.01_ngrid=200
Interpolation Succeeded!
Loading Potential From: u_2_tau=.01_ngrid=200
Interpolation Succeeded!
==== Finished Loading Potential ====
Evaluate Projector...
Results Saved To: He_.01_M2.proj
Command #1: 3                                                               
Anti Symmetrization Method: 3
==== Start Reading Input ====
Title: He              
Number of Types: 1
Type, Count, Z:     1    1    2
Nuclei Positions:
X, Y, Z:   0.000000  0.000000  0.000000
Numbber of Electrons: 2
Initial Position of Electrons:
X, Y, Z:   1.000000  0.020000  0.000000
X, Y, Z:  -0.500000  0.030000  0.000000
Final Position of Electrons:
X, Y, Z:   1.010000  1.010000  0.010000
Number of Grid Points: 500
x_min, x_max:  -1.000000  1.000000
y_min, y_max:  -1.000000  1.000000
Tau:   0.010000
==== Finished Reading Input ====
==== Start Loading Potential ====
Loading Potential From: u_e_tau=.01_ngrid=200
Interpolation Succeeded!
Loading Potential From: u_2_tau=.01_ngrid=200
Interpolation Succeeded!
==== Finished Loading Potential ====
Evaluate Projector...
Results Saved To: He_.01_M3.proj
Command #1: 3                                                               
Anti Symmetrization Method: 3
==== Start Reading Input ====
Title: He              
Number of Types: 1
Type, Count, Z:     1    1    2
Nuclei Positions:
X, Y, Z:   0.000000  0.000000  0.000000
Numbber of Electrons: 2
Initial Position of Electrons:
X, Y, Z:   1.000000  0.020000  0.000000
X, Y, Z:  -0.500000  0.030000  0.000000
Final Position of Electrons:
X, Y, Z:   1.010000  1.010000  0.010000
Number of Grid Points: 100
x_min, x_max:  -5.000000  5.000000
y_min, y_max:  -5.000000  5.000000
Tau:   1.000000
==== Finished Reading Input ====
==== Start Loading Potential ====
Loading Potential From: u_e_tau=1_ngrid=200
Interpolation Succeeded!
Loading Potential From: u_2_tau=1_ngrid=200
Interpolation Succeeded!
==== Finished Loading Potential ====
Evaluate Projector...
Results Saved To: He_1_M3.proj
Command #1: 1                                                               
Anti Symmetrization Method: 1
==== Start Reading Input ====
Title: He              
Number of Types: 1
Type, Count, Z:     1    1    2
Nuclei Positions:
X, Y, Z:   0.000000  0.000000  0.000000
Numbber of Electrons: 2
Initial Position of Electrons:
X, Y, Z:   1.000000  0.020000  0.000000
X, Y, Z:  -0.500000  0.030000  0.000000
Final Position of Electrons:
X, Y, Z:   1.010000  1.010000  0.010000
Number of Grid Points: 100
x_min, x_max:  -5.000000  5.000000
y_min, y_max:  -5.000000  5.000000
Tau:   1.000000
==== Finished Reading Input ====
==== Start Loading Potential ====
Loading Potential From: u_e_tau=1_ngrid=200
Interpolation Succeeded!
Loading Potential From: u_2_tau=1_ngrid=200
Interpolation Succeeded!
==== Finished Loading Potential ====
Evaluate Projector...
Results Saved To: He_1_M1.proj
Command #1: 2                                                               
Anti Symmetrization Method: 2
==== Start Reading Input ====
Title: He              
Number of Types: 1
Type, Count, Z:     1    1    2
Nuclei Positions:
X, Y, Z:   0.000000  0.000000  0.000000
Numbber of Electrons: 2
Initial Position of Electrons:
X, Y, Z:   1.000000  0.020000  0.000000
X, Y, Z:  -0.500000  0.030000  0.000000
Final Position of Electrons:
X, Y, Z:   1.010000  1.010000  0.010000
Number of Grid Points: 100
x_min, x_max:  -5.000000  5.000000
y_min, y_max:  -5.000000  5.000000
Tau:   1.000000
==== Finished Reading Input ====
==== Start Loading Potential ====
Loading Potential From: u_e_tau=1_ngrid=200
Interpolation Succeeded!
Loading Potential From: u_2_tau=1_ngrid=200
Interpolation Succeeded!
==== Finished Loading Potential ====
Evaluate Projector...
Results Saved To: He_1_M2.proj
Command #1: 2                                                               
Anti Symmetrization Method: 2
==== Start Reading Input ====
Title: He              
Number of Types: 1
Type, Count, Z:     1    1    2
Nuclei Positions:
X, Y, Z:   0.000000  0.000000  0.000000
Numbber of Electrons: 2
Initial Position of Electrons:
X, Y, Z:   1.000000  0.020000  0.000000
X, Y, Z:  -0.500000  0.030000  0.000000
Final Position of Electrons:
X, Y, Z:   1.010000  1.010000  0.010000
Number of Grid Points: 100
x_min, x_max:  -5.000000  5.000000
y_min, y_max:  -5.000000  5.000000
Tau: 100.000000
==== Finished Reading Input ====
==== Start Loading Potential ====
Loading Potential From: u_e_tau=100_ngrid=200
Interpolation Succeeded!
Loading Potential From: u_2_tau=100_ngrid=400
Interpolation Succeeded!
==== Finished Loading Potential ====
Evaluate Projector...
Results Saved To: He_100_M2.proj
Command #1: 3                                                               
Anti Symmetrization Method: 3
==== Start Reading Input ====
Title: He              
Number of Types: 1
Type, Count, Z:     1    1    2
Nuclei Positions:
X, Y, Z:   0.000000  0.000000  0.000000
Numbber of Electrons: 2
Initial Position of Electrons:
X, Y, Z:   1.000000  0.020000  0.000000
X, Y, Z:  -0.500000  0.030000  0.000000
Final Position of Electrons:
X, Y, Z:   1.010000  1.010000  0.010000
Number of Grid Points: 100
x_min, x_max:  -5.000000  5.000000
y_min, y_max:  -5.000000  5.000000
Tau: 100.000000
==== Finished Reading Input ====
==== Start Loading Potential ====
Loading Potential From: u_e_tau=100_ngrid=200
Interpolation Succeeded!
Loading Potential From: u_2_tau=100_ngrid=400
Interpolation Succeeded!
==== Finished Loading Potential ====
Evaluate Projector...
Results Saved To: He_100_M3.proj
Command #1: 1                                                               
Anti Symmetrization Method: 1
==== Start Reading Input ====
Title: He              
Number of Types: 1
Type, Count, Z:     1    1    2
Nuclei Positions:
X, Y, Z:   0.000000  0.000000  0.000000
Numbber of Electrons: 2
Initial Position of Electrons:
X, Y, Z:   1.000000  0.020000  0.000000
X, Y, Z:  -0.500000  0.030000  0.000000
Final Position of Electrons:
X, Y, Z:   1.010000  1.010000  0.010000
Number of Grid Points: 100
x_min, x_max:  -5.000000  5.000000
y_min, y_max:  -5.000000  5.000000
Tau: 100.000000
==== Finished Reading Input ====
==== Start Loading Potential ====
Loading Potential From: u_e_tau=100_ngrid=200
Interpolation Succeeded!
Loading Potential From: u_2_tau=100_ngrid=400
Interpolation Succeeded!
==== Finished Loading Potential ====
Evaluate Projector...
Results Saved To: He_100_M1.proj
Command #1: 1                                                               
Anti Symmetrization Method: 1
==== Start Reading Input ====
Title: He              
Number of Types: 1
Type, Count, Z:     1    1    2
Nuclei Positions:
X, Y, Z:   0.000000  0.000000  0.000000
Numbber of Electrons: 2
Initial Position of Electrons:
X, Y, Z:   1.000000  0.020000  0.000000
X, Y, Z:  -0.500000  0.030000  0.000000
Final Position of Electrons:
X, Y, Z:   1.010000  1.010000  0.010000
Number of Grid Points: 500
x_min, x_max:  -1.000000  1.000000
y_min, y_max:  -1.000000  1.000000
Tau:   0.010000
==== Finished Reading Input ====
==== Start Loading Potential ====
Loading Potential From: u_e_tau=.01_ngrid=200
Interpolation Succeeded!
Loading Potential From: u_2_tau=.01_ngrid=200
Interpolation Succeeded!
==== Finished Loading Potential ====
Evaluate Projector...
Results Saved To: He_.01_M1.proj
Command #1: 2                                                               
Anti Symmetrization Method: 2
==== Start Reading Input ====
Title: He              
Number of Types: 1
Type, Count, Z:     1    1    2
Nuclei Positions:
X, Y, Z:   0.000000  0.000000  0.000000
Numbber of Electrons: 2
Initial Position of Electrons:
X, Y, Z:   1.000000  0.020000  0.000000
X, Y, Z:  -0.500000  0.030000  0.000000
Final Position of Electrons:
X, Y, Z:   1.010000  1.010000  0.010000
Number of Grid Points: 500
x_min, x_max:  -1.000000  1.000000
y_min, y_max:  -1.000000  1.000000
Tau:   0.010000
==== Finished Reading Input ====
==== Start Loading Potential ====
Loading Potential From: u_e_tau=.01_ngrid=200
Interpolation Succeeded!
Loading Potential From: u_2_tau=.01_ngrid=200
Interpolation Succeeded!
==== Finished Loading Potential ====
Evaluate Projector...
Results Saved To: He_.01_M2.proj
Command #1: 3                                                               
Anti Symmetrization Method: 3
==== Start Reading Input ====
Title: He              
Number of Types: 1
Type, Count, Z:     1    1    2
Nuclei Positions:
X, Y, Z:   0.000000  0.000000  0.000000
Numbber of Electrons: 2
Initial Position of Electrons:
X, Y, Z:   1.000000  0.020000  0.000000
X, Y, Z:  -0.500000  0.030000  0.000000
Final Position of Electrons:
X, Y, Z:   1.010000  1.010000  0.010000
Number of Grid Points: 500
x_min, x_max:  -1.000000  1.000000
y_min, y_max:  -1.000000  1.000000
Tau:   0.010000
==== Finished Reading Input ====
==== Start Loading Potential ====
Loading Potential From: u_e_tau=.01_ngrid=200
Interpolation Succeeded!
Loading Potential From: u_2_tau=.01_ngrid=200
Interpolation Succeeded!
==== Finished Loading Potential ====
Evaluate Projector...
Results Saved To: He_.01_M3.proj
Command #1: 1                                                               
Anti Symmetrization Method: 1
==== Start Reading Input ====
Title: He              
Number of Types: 1
Type, Count, Z:     1    1    2
Nuclei Positions:
X, Y, Z:   0.000000  0.000000  0.000000
Numbber of Electrons: 2
Initial Position of Electrons:
X, Y, Z:   1.000000  0.020000  0.000000
X, Y, Z:  -0.500000  0.030000  0.000000
Final Position of Electrons:
X, Y, Z:   1.010000  1.010000  0.010000
Number of Grid Points: 100
x_min, x_max:  -5.000000  5.000000
y_min, y_max:  -5.000000  5.000000
Tau:   1.000000
==== Finished Reading Input ====
==== Start Loading Potential ====
Loading Potential From: u_e_tau=1_ngrid=200
Interpolation Succeeded!
Loading Potential From: u_2_tau=1_ngrid=200
Interpolation Succeeded!
==== Finished Loading Potential ====
Evaluate Projector...
Results Saved To: He_1_M1.proj
Command #1: 3                                                               
Anti Symmetrization Method: 3
==== Start Reading Input ====
Title: He              
Number of Types: 1
Type, Count, Z:     1    1    2
Nuclei Positions:
X, Y, Z:   0.000000  0.000000  0.000000
Numbber of Electrons: 2
Initial Position of Electrons:
X, Y, Z:   1.000000  0.020000  0.000000
X, Y, Z:  -0.500000  0.030000  0.000000
Final Position of Electrons:
X, Y, Z:   1.010000  1.010000  0.010000
Number of Grid Points: 100
x_min, x_max:  -5.000000  5.000000
y_min, y_max:  -5.000000  5.000000
Tau:   1.000000
==== Finished Reading Input ====
==== Start Loading Potential ====
Loading Potential From: u_e_tau=1_ngrid=200
Interpolation Succeeded!
Loading Potential From: u_2_tau=1_ngrid=200
Interpolation Succeeded!
==== Finished Loading Potential ====
Evaluate Projector...
Results Saved To: He_1_M3.proj
Command #1: 2                                                               
Anti Symmetrization Method: 2
==== Start Reading Input ====
Title: He              
Number of Types: 1
Type, Count, Z:     1    1    2
Nuclei Positions:
X, Y, Z:   0.000000  0.000000  0.000000
Numbber of Electrons: 2
Initial Position of Electrons:
X, Y, Z:   1.000000  0.020000  0.000000
X, Y, Z:  -0.500000  0.030000  0.000000
Final Position of Electrons:
X, Y, Z:   1.010000  1.010000  0.010000
Number of Grid Points: 100
x_min, x_max:  -5.000000  5.000000
y_min, y_max:  -5.000000  5.000000
Tau:   1.000000
==== Finished Reading Input ====
==== Start Loading Potential ====
Loading Potential From: u_e_tau=1_ngrid=200
Interpolation Succeeded!
Loading Potential From: u_2_tau=1_ngrid=200
Interpolation Succeeded!
==== Finished Loading Potential ====
Evaluate Projector...
Results Saved To: He_1_M2.proj
Command #1: 3                                                               
Anti Symmetrization Method: 3
==== Start Reading Input ====
Title: He              
Number of Types: 1
Type, Count, Z:     1    1    2
Nuclei Positions:
X, Y, Z:   0.000000  0.000000  0.000000
Numbber of Electrons: 2
Initial Position of Electrons:
X, Y, Z:   1.000000  0.020000  0.000000
X, Y, Z:  -0.500000  0.030000  0.000000
Final Position of Electrons:
X, Y, Z:   1.010000  1.010000  0.010000
Number of Grid Points: 100
x_min, x_max:  -5.000000  5.000000
y_min, y_max:  -5.000000  5.000000
Tau: 100.000000
==== Finished Reading Input ====
==== Start Loading Potential ====
Loading Potential From: u_e_tau=100_ngrid=200
Interpolation Succeeded!
Loading Potential From: u_2_tau=100_ngrid=400
Interpolation Succeeded!
==== Finished Loading Potential ====
Evaluate Projector...
Results Saved To: He_100_M3.proj
Command #1: 1                                                               
Anti Symmetrization Method: 1
==== Start Reading Input ====
Title: He              
Number of Types: 1
Type, Count, Z:     1    1    2
Nuclei Positions:
X, Y, Z:   0.000000  0.000000  0.000000
Numbber of Electrons: 2
Initial Position of Electrons:
X, Y, Z:   1.000000  0.020000  0.000000
X, Y, Z:  -0.500000  0.030000  0.000000
Final Position of Electrons:
X, Y, Z:   1.010000  1.010000  0.010000
Number of Grid Points: 100
x_min, x_max:  -5.000000  5.000000
y_min, y_max:  -5.000000  5.000000
Tau: 100.000000
==== Finished Reading Input ====
==== Start Loading Potential ====
Loading Potential From: u_e_tau=100_ngrid=200
Interpolation Succeeded!
Loading Potential From: u_2_tau=100_ngrid=400
Interpolation Succeeded!
==== Finished Loading Potential ====
Evaluate Projector...
Results Saved To: He_100_M1.proj
Command #1: 2                                                               
Anti Symmetrization Method: 2
==== Start Reading Input ====
Title: He              
Number of Types: 1
Type, Count, Z:     1    1    2
Nuclei Positions:
X, Y, Z:   0.000000  0.000000  0.000000
Numbber of Electrons: 2
Initial Position of Electrons:
X, Y, Z:   1.000000  0.020000  0.000000
X, Y, Z:  -0.500000  0.030000  0.000000
Final Position of Electrons:
X, Y, Z:   1.010000  1.010000  0.010000
Number of Grid Points: 100
x_min, x_max:  -5.000000  5.000000
y_min, y_max:  -5.000000  5.000000
Tau: 100.000000
==== Finished Reading Input ====
==== Start Loading Potential ====
Loading Potential From: u_e_tau=100_ngrid=200
Interpolation Succeeded!
Loading Potential From: u_2_tau=100_ngrid=400
Interpolation Succeeded!
==== Finished Loading Potential ====
Evaluate Projector...
Results Saved To: He_100_M2.proj
Command #1: 2                                                               
Anti Symmetrization Method: 2
==== Start Reading Input ====
Title: He              
Number of Types: 1
Type, Count, Z:     1    1    2
Nuclei Positions:
X, Y, Z:   0.000000  0.000000  0.000000
Numbber of Electrons: 2
Initial Position of Electrons:
X, Y, Z:   1.000000  0.020000  0.000000
X, Y, Z:  -0.500000  0.030000  0.000000
Final Position of Electrons:
X, Y, Z:   1.010000  1.010000  0.010000
Number of Grid Points: 500
x_min, x_max:  -1.000000  1.000000
y_min, y_max:  -1.000000  1.000000
Tau:   0.010000
==== Finished Reading Input ====
==== Start Loading Potential ====
Loading Potential From: u_e_tau=.01_ngrid=200
Interpolation Succeeded!
Loading Potential From: u_2_tau=.01_ngrid=200
Interpolation Succeeded!
==== Finished Loading Potential ====
Evaluate Projector...
Results Saved To: He_.01_M2.proj
Command #1: 1                                                               
Anti Symmetrization Method: 1
==== Start Reading Input ====
Title: He              
Number of Types: 1
Type, Count, Z:     1    1    2
Nuclei Positions:
X, Y, Z:   0.000000  0.000000  0.000000
Numbber of Electrons: 2
Initial Position of Electrons:
X, Y, Z:   1.000000  0.020000  0.000000
X, Y, Z:  -0.500000  0.030000  0.000000
Final Position of Electrons:
X, Y, Z:   1.010000  1.010000  0.010000
Number of Grid Points: 500
x_min, x_max:  -1.000000  1.000000
y_min, y_max:  -1.000000  1.000000
Tau:   0.010000
==== Finished Reading Input ====
==== Start Loading Potential ====
Loading Potential From: u_e_tau=.01_ngrid=200
Interpolation Succeeded!
Loading Potential From: u_2_tau=.01_ngrid=200
Interpolation Succeeded!
==== Finished Loading Potential ====
Evaluate Projector...
Results Saved To: He_.01_M1.proj
Command #1: 3                                                               
Anti Symmetrization Method: 3
==== Start Reading Input ====
Title: He              
Number of Types: 1
Type, Count, Z:     1    1    2
Nuclei Positions:
X, Y, Z:   0.000000  0.000000  0.000000
Numbber of Electrons: 2
Initial Position of Electrons:
X, Y, Z:   1.000000  0.020000  0.000000
X, Y, Z:  -0.500000  0.030000  0.000000
Final Position of Electrons:
X, Y, Z:   1.010000  1.010000  0.010000
Number of Grid Points: 500
x_min, x_max:  -1.000000  1.000000
y_min, y_max:  -1.000000  1.000000
Tau:   0.010000
==== Finished Reading Input ====
==== Start Loading Potential ====
Loading Potential From: u_e_tau=.01_ngrid=200
Interpolation Succeeded!
Loading Potential From: u_2_tau=.01_ngrid=200
Interpolation Succeeded!
==== Finished Loading Potential ====
Evaluate Projector...
Results Saved To: He_.01_M3.proj
